{"name": "test_enterdatainform", "status": "failed", "statusDetails": {"message": "AssertionError", "trace": "self = <AppiumFramework.pages.ContactUsFormPage.ContactForm object at 0x000002799034AE50>, text = '987654210', locatorValue = 'abc', locatorType = 'index'\n\n    def sendText(self, text, locatorValue, locatorType=\"id\"):\n        element = None\n        try:\n            locatorType = locatorType.lower()\n            element = self.getElement(locatorValue, locatorType)\n>           element.send_keys(text)\nE           AttributeError: 'NoneType' object has no attribute 'send_keys'\n\n..\\base\\BasePage.py:76: AttributeError\n\nDuring handling of the above exception, another exception occurred:\n\nself = <AppiumFramework.tests.ContactUsFormTest.ContactforTest testMethod=test_enterdatainform>\n\n    @pytest.mark.run(order=2)\n    def test_enterdatainform(self):\n        self.cf.enterName()\n        self.cf.enterEmail()\n        self.cf.enterAddress()\n>       self.cf.enterMNumber()\n\nContactUsFormTest.py:21: \n_ _ _ _ _ _ _ _ _ _ _ _ _ _ _ _ _ _ _ _ _ _ _ _ _ _ _ _ _ _ _ _ _ _ _ _ _ _ _ _ _ _ _ _ _ _ _ _ _ _ _ _ _ _ _ _ _ _ _ _ _ _ _ _ _ _ _ _ _ _ _ _ _ _ _ _ _ _ _ _ _ _ _ _ _ _ _ _ _ _ _ _\n..\\pages\\ContactUsFormPage.py:45: in enterMNumber\n    self.sendText(\"987654210\", \"abc\", \"index\")\n_ _ _ _ _ _ _ _ _ _ _ _ _ _ _ _ _ _ _ _ _ _ _ _ _ _ _ _ _ _ _ _ _ _ _ _ _ _ _ _ _ _ _ _ _ _ _ _ _ _ _ _ _ _ _ _ _ _ _ _ _ _ _ _ _ _ _ _ _ _ _ _ _ _ _ _ _ _ _ _ _ _ _ _ _ _ _ _ _ _ _ _\n\nself = <AppiumFramework.pages.ContactUsFormPage.ContactForm object at 0x000002799034AE50>, text = '987654210', locatorValue = 'abc', locatorType = 'index'\n\n    def sendText(self, text, locatorValue, locatorType=\"id\"):\n        element = None\n        try:\n            locatorType = locatorType.lower()\n            element = self.getElement(locatorValue, locatorType)\n            element.send_keys(text)\n            self.log.info(\n                \"Send text  on Element with LocatorType: \" + locatorType + \" and with the locatorValue :\" + locatorValue)\n        except:\n            self.log.info(\n                \"Unable to send text on Element with LocatorType: \" + locatorType + \" and with the locatorValue :\" + locatorValue)\n            self.takeScreenshot(locatorType)\n>           assert False\nE           AssertionError\n\n..\\base\\BasePage.py:83: AssertionError"}, "steps": [{"name": "Entered name", "status": "passed", "start": 1673309006410, "stop": 1673309006410}, {"name": "Entered Email", "status": "passed", "start": 1673309007609, "stop": 1673309007609}, {"name": "Entered Address", "status": "passed", "start": 1673309008676, "stop": 1673309008676}], "attachments": [{"name": "index", "source": "8c535d5c-2f5d-4d0a-bd79-55d949eb52a3-attachment.png", "type": "image/png"}, {"name": "log", "source": "f1e06d93-2589-485b-bdc8-1f434de7f7fc-attachment.txt", "type": "text/plain"}], "start": 1673309005803, "stop": 1673309010097, "uuid": "68c7aa19-93d4-4644-be99-7db9823a5ed6", "historyId": "0e3a7cdd26e3a4b53caaa22bea439dee", "testCaseId": "92bf3357312d1ca02672cc21b23311e6", "fullName": "ContactUsFormTest.ContactforTest#test_enterdatainform", "labels": [{"name": "tag", "value": "run(order=2)"}, {"name": "tag", "value": "@pytest.mark.usefixtures('beforeClass', 'beforeMethod')"}, {"name": "suite", "value": "ContactUsFormTest"}, {"name": "subSuite", "value": "ContactforTest"}, {"name": "host", "value": "DESKTOP-CL62PMK"}, {"name": "thread", "value": "19712-MainThread"}, {"name": "framework", "value": "pytest"}, {"name": "language", "value": "cpython3"}, {"name": "package", "value": "ContactUsFormTest"}]}